<?xml version="1.0" encoding="UTF-8"?>
<!-- Generated by org.testng.reporters.JUnitReportReporter -->
<testsuite hostname="AtulAroraMac.local" failures="0" tests="1" name="com.payu.appiumtest.AndroidBasicInteractionsTest" time="56.027" errors="0" timestamp="30 Jun 2019 16:41:09 GMT" skipped="0">
  <testcase classname="com.payu.appiumtest.AndroidBasicInteractionsTest" name="addToCart" time="56.027"/>
</testsuite> <!-- com.payu.appiumtest.AndroidBasicInteractionsTest -->
