<?xml version="1.0" encoding="UTF-8"?>
<!-- Generated by org.testng.reporters.JUnitReportReporter -->
<testsuite hostname="AtulAroraMac.local" failures="0" tests="1" name="com.payu.appiumtest.AndroidTest" time="58.098" errors="0" timestamp="04 Jul 2019 09:20:44 GMT" skipped="0">
  <testcase classname="com.payu.appiumtest.AndroidTest" name="addToCart" time="58.098"/>
</testsuite> <!-- com.payu.appiumtest.AndroidTest -->
